<?xml version="1.0" encoding="UTF-8"?>
<testsuite xmlns:xsi="http://www.w3.org/2001/XMLSchema-instance" xsi:noNamespaceSchemaLocation="https://maven.apache.org/surefire/maven-surefire-plugin/xsd/surefire-test-report.xsd" version="3.0.2" name="com.universe.backend.UNIverseBackendApplicationTests" time="4.234" tests="1" errors="0" skipped="0" failures="0">
  <properties>
[...]
</properties>
  <testcase name="contextLoads" classname="com.universe.backend.UNIverseBackendApplicationTests" time="0.302">
    <system-out><![CDATA[20:10:16.791 [main] INFO org.springframework.test.context.support.AnnotationConfigContextLoaderUtils -- Could not detect default configuration classes for test class [com.universe.backend.UNIverseBackendApplicationTests]: UNIverseBackendApplicationTests does not declare any static, non-private, non-final, nested classes annotated with @Configuration.
20:10:16.882 [main] INFO org.springframework.boot.test.context.SpringBootTestContextBootstrapper -- Found @SpringBootConfiguration com.universe.backend.UnIverseBackendApplication for test class com.universe.backend.UNIverseBackendApplicationTests
20:10:17.028 [main] INFO org.springframework.boot.devtools.restart.RestartApplicationListener -- Restart disabled due to context in which it is running

  .   ____          _            __ _ _
 /\\ / ___'_ __ _ _(_)_ __  __ _ \ \ \ \
( ( )\___ | '_ | '_| | '_ \/ _` | \ \ \ \
 \\/  ___)| |_)| | | | | || (_| |  ) ) ) )
  '  |____| .__|_| |_|_| |_\__, | / / / /
 =========|_|==============|___/=/_/_/_/

 :: Spring Boot ::                (v3.4.1)

2025-03-15T20:10:17.285+01:00  INFO 9264 --- [UNIverseBackend] [           main] c.u.b.UNIverseBackendApplicationTests    : Starting UNIverseBackendApplicationTests using Java 19.0.1 with PID 9264 (started by Dániel in C:\Users\Dániel\Documents\GitHub\UNIverse\backend)
2025-03-15T20:10:17.286+01:00  INFO 9264 --- [UNIverseBackend] [           main] c.u.b.UNIverseBackendApplicationTests    : No active profile set, falling back to 1 default profile: "default"
2025-03-15T20:10:17.715+01:00  INFO 9264 --- [UNIverseBackend] [           main] .s.d.r.c.RepositoryConfigurationDelegate : Bootstrapping Spring Data JPA repositories in DEFAULT mode.
2025-03-15T20:10:17.752+01:00  INFO 9264 --- [UNIverseBackend] [           main] .s.d.r.c.RepositoryConfigurationDelegate : Finished Spring Data repository scanning in 29 ms. Found 2 JPA repository interfaces.
2025-03-15T20:10:18.214+01:00  INFO 9264 --- [UNIverseBackend] [           main] o.hibernate.jpa.internal.util.LogHelper  : HHH000204: Processing PersistenceUnitInfo [name: default]
2025-03-15T20:10:18.257+01:00  INFO 9264 --- [UNIverseBackend] [           main] org.hibernate.Version                    : HHH000412: Hibernate ORM core version 6.6.4.Final
2025-03-15T20:10:18.284+01:00  INFO 9264 --- [UNIverseBackend] [           main] o.h.c.internal.RegionFactoryInitiator    : HHH000026: Second-level cache disabled
2025-03-15T20:10:18.523+01:00  INFO 9264 --- [UNIverseBackend] [           main] o.s.o.j.p.SpringPersistenceUnitInfo      : No LoadTimeWeaver setup: ignoring JPA class transformer
2025-03-15T20:10:18.545+01:00  INFO 9264 --- [UNIverseBackend] [           main] com.zaxxer.hikari.HikariDataSource       : HikariPool-1 - Starting...
2025-03-15T20:10:18.738+01:00  INFO 9264 --- [UNIverseBackend] [           main] com.zaxxer.hikari.pool.HikariPool        : HikariPool-1 - Added connection com.mysql.cj.jdbc.ConnectionImpl@72a34537
2025-03-15T20:10:18.740+01:00  INFO 9264 --- [UNIverseBackend] [           main] com.zaxxer.hikari.HikariDataSource       : HikariPool-1 - Start completed.
2025-03-15T20:10:18.768+01:00  WARN 9264 --- [UNIverseBackend] [           main] org.hibernate.orm.deprecation            : HHH90000025: MySQL8Dialect does not need to be specified explicitly using 'hibernate.dialect' (remove the property setting and it will be selected by default)
2025-03-15T20:10:18.769+01:00  WARN 9264 --- [UNIverseBackend] [           main] org.hibernate.orm.deprecation            : HHH90000026: MySQL8Dialect has been deprecated; use org.hibernate.dialect.MySQLDialect instead
2025-03-15T20:10:18.780+01:00  INFO 9264 --- [UNIverseBackend] [           main] org.hibernate.orm.connections.pooling    : HHH10001005: Database info:
	Database JDBC URL [Connecting through datasource 'HikariDataSource (HikariPool-1)']
	Database driver: undefined/unknown
	Database version: 8.0
	Autocommit mode: undefined/unknown
	Isolation level: undefined/unknown
	Minimum pool size: undefined/unknown
	Maximum pool size: undefined/unknown
2025-03-15T20:10:19.045+01:00  WARN 9264 --- [UNIverseBackend] [           main] org.hibernate.mapping.RootClass          : HHH000038: Composite-id class does not override equals(): com.universe.backend.modules.UserInterest
2025-03-15T20:10:19.045+01:00  WARN 9264 --- [UNIverseBackend] [           main] org.hibernate.mapping.RootClass          : HHH000039: Composite-id class does not override hashCode(): com.universe.backend.modules.UserInterest
2025-03-15T20:10:19.045+01:00  WARN 9264 --- [UNIverseBackend] [           main] org.hibernate.mapping.RootClass          : HHH000038: Composite-id class does not override equals(): com.universe.backend.modules.UsersContact
2025-03-15T20:10:19.045+01:00  WARN 9264 --- [UNIverseBackend] [           main] org.hibernate.mapping.RootClass          : HHH000039: Composite-id class does not override hashCode(): com.universe.backend.modules.UsersContact
2025-03-15T20:10:19.046+01:00  WARN 9264 --- [UNIverseBackend] [           main] org.hibernate.mapping.RootClass          : HHH000038: Composite-id class does not override equals(): com.universe.backend.modules.UserRole
2025-03-15T20:10:19.046+01:00  WARN 9264 --- [UNIverseBackend] [           main] org.hibernate.mapping.RootClass          : HHH000039: Composite-id class does not override hashCode(): com.universe.backend.modules.UserRole
2025-03-15T20:10:19.517+01:00  INFO 9264 --- [UNIverseBackend] [           main] o.h.e.t.j.p.i.JtaPlatformInitiator       : HHH000489: No JTA platform available (set 'hibernate.transaction.jta.platform' to enable JTA platform integration)
2025-03-15T20:10:19.519+01:00  INFO 9264 --- [UNIverseBackend] [           main] j.LocalContainerEntityManagerFactoryBean : Initialized JPA EntityManagerFactory for persistence unit 'default'
2025-03-15T20:10:19.696+01:00  INFO 9264 --- [UNIverseBackend] [           main] o.s.d.j.r.query.QueryEnhancerFactory     : Hibernate is in classpath; If applicable, HQL parser will be used.
2025-03-15T20:10:20.136+01:00  WARN 9264 --- [UNIverseBackend] [           main] JpaBaseConfiguration$JpaWebConfiguration : spring.jpa.open-in-view is enabled by default. Therefore, database queries may be performed during view rendering. Explicitly configure spring.jpa.open-in-view to disable this warning
2025-03-15T20:10:20.150+01:00  WARN 9264 --- [UNIverseBackend] [           main] .s.s.UserDetailsServiceAutoConfiguration : 

Using generated security password: 1579867b-5611-4f5d-aa95-583ad523ff0b

This generated password is for development use only. Your security configuration must be updated before running your application in production.

2025-03-15T20:10:20.159+01:00  INFO 9264 --- [UNIverseBackend] [           main] r$InitializeUserDetailsManagerConfigurer : Global AuthenticationManager configured with UserDetailsService bean with name inMemoryUserDetailsManager
2025-03-15T20:10:20.587+01:00  INFO 9264 --- [UNIverseBackend] [           main] c.u.b.UNIverseBackendApplicationTests    : Started UNIverseBackendApplicationTests in 3.572 seconds (process running for 4.265)
]]></system-out>
  </testcase>
</testsuite>